<?xml version="1.0" encoding="utf-8"?><testsuites name="pytest tests"><testsuite name="pytest" errors="0" failures="0" skipped="0" tests="7" time="12.608" timestamp="2026-09-01T23:08:29.364526+00:00" hostname="agent-env-598ae739-c764-4ede-afb4-3c6590073ea0"><testcase classname="tests.test_ai_chat.TestChat" name="test_validation_message_too_long" time="0.263" /><testcase classname="tests.test_ai_chat.TestChat" name="test_validation_session_id_too_short" time="0.177" /><testcase classname="tests.test_ai_chat.TestChat" name="test_multiturn_memory_and_no_markdown" time="5.598" /><testcase classname="tests.test_ai_chat.TestChat" name="test_english_lang" time="2.186" /><testcase classname="tests.test_ai_chat.TestDraftReply" name="test_requires_auth" time="0.162" /><testcase classname="tests.test_ai_chat.TestDraftReply" name="test_invalid_message_id_returns_404" time="0.552" /><testcase classname="tests.test_ai_chat.TestDraftReply" name="test_draft_flow_creates_french_email" time="3.569" /></testsuite></testsuites>