<?xml version="1.0" encoding="utf-8"?><testsuites name="pytest tests"><testsuite name="pytest" errors="3" failures="0" skipped="0" tests="41" time="15.628" timestamp="2026-09-01T22:53:46.723034+00:00" hostname="agent-env-598ae739-c764-4ede-afb4-3c6590073ea0"><testcase classname="tests.test_dossiers.TestDossierCRUD" name="test_create_requires_auth" time="0.159" /><testcase classname="tests.backend_test.TestAuth" name="test_login_success" time="0.517" /><testcase classname="tests.backend_test.TestAuth" name="test_login_wrong_password" time="0.557" /><testcase classname="tests.test_dossiers.TestDossierCRUD" name="test_create_dossier" time="0.914" /><testcase classname="tests.test_dossiers.TestDossierCRUD" name="test_list_dossiers" time="0.127" /><testcase classname="tests.backend_test.TestAuth" name="test_login_unknown_user" time="0.077" /><testcase classname="tests.test_dossiers.TestDossierCRUD" name="test_list_requires_auth" time="0.310" /><testcase classname="tests.test_dossiers.TestDossierCRUD" name="test_update_status_valid" time="0.179" /><testcase classname="tests.backend_test.TestAuth" name="test_me_with_token" time="0.466" /><testcase classname="tests.backend_test.TestAuth" name="test_me_without_token" time="0.158" /><testcase classname="tests.test_dossiers.TestDossierCRUD" name="test_update_status_invalid" time="0.375" /><testcase classname="tests.test_new_features.TestChangePassword" name="test_requires_auth" time="0.185" /><testcase classname="tests.test_new_features.TestChangePassword" name="test_wrong_current_password" time="1.004" /><testcase classname="tests.test_security.TestInvalidObjectId" name="test_delete_dossier_bad_id" time="0.898" /><testcase classname="tests.test_security.TestInvalidObjectId" name="test_patch_dossier_bad_id" time="0.170" /><testcase classname="tests.test_new_features.TestChangePassword" name="test_new_password_too_short" time="0.151" /><testcase classname="tests.test_new_features.TestChangePassword" name="test_full_change_flow_and_restore" time="3.073" /><testcase classname="tests.test_security.TestInvalidObjectId" name="test_patch_message_read_bad_id" time="0.695" /><testcase classname="tests.test_security.TestInvalidObjectId" name="test_delete_message_bad_id" time="0.151" /><testcase classname="tests.backend_test.TestContactAdmin" name="test_messages_requires_auth" time="0.351" /><testcase classname="tests.backend_test.TestContactAdmin" name="test_stats_requires_auth" time="0.163" /><testcase classname="tests.backend_test.TestContactAdmin" name="test_create_then_list_then_mark_read_then_delete" time="0.562"><error message="failed on setup with &quot;AssertionError: Login failed: 401 {&quot;detail&quot;:&quot;Email ou mot de passe incorrect&quot;}&#10;assert 401 == 200&#10; +  where 401 = &lt;Response [401]&gt;.status_code&quot;">backend/tests/backend_test.py:24: in admin_token
    assert r.status_code == 200, f"Login failed: {r.status_code} {r.text}"
E   AssertionError: Login failed: 401 {"detail":"Email ou mot de passe incorrect"}
E   assert 401 == 200
E    +  where 401 = &lt;Response [401]&gt;.status_code</error></testcase><testcase classname="tests.test_dossiers.TestPublicTracking" name="test_track_public_no_auth" time="1.241" /><testcase classname="tests.backend_test.TestContactCreate" name="test_create_contact_message" time="0.085" /><testcase classname="tests.backend_test.TestContactCreate" name="test_create_contact_missing_required" time="0.111" /><testcase classname="tests.test_dossiers.TestPublicTracking" name="test_track_case_insensitive" time="0.188" /><testcase classname="tests.backend_test.TestContactCreate" name="test_create_contact_bad_email" time="0.070" /><testcase classname="tests.test_dossiers.TestPublicTracking" name="test_track_unknown_returns_404" time="0.482" /><testcase classname="tests.test_dossiers.TestDossierDelete" name="test_delete_requires_auth" time="1.044" /><testcase classname="tests.test_new_features.TestDossierPhonePrivacy" name="test_create_dossier_with_phone" time="1.081" /><testcase classname="tests.test_dossiers.TestDossierDelete" name="test_delete_and_verify_gone" time="0.706" /><testcase classname="tests.test_new_features.TestDossierPhonePrivacy" name="test_create_dossier_without_phone" time="0.534" /><testcase classname="tests.test_security.TestInputCaps" name="test_contact_message_over_5000_chars" time="0.167" /><testcase classname="tests.test_security.TestReferenceHardening" name="test_new_dossier_reference_is_8_chars" time="0.831" /><testcase classname="tests.test_security.TestInputCaps" name="test_dossier_note_over_1000_chars" time="0.128"><error message="failed on setup with &quot;AssertionError: {&quot;detail&quot;:&quot;Trop de requêtes. Veuillez réessayer plus tard.&quot;}&#10;assert 429 == 200&#10; +  where 429 = &lt;Response [429]&gt;.status_code&quot;">backend/tests/test_security.py:25: in auth_headers
    assert r.status_code == 200, r.text
E   AssertionError: {"detail":"Trop de requêtes. Veuillez réessayer plus tard."}
E   assert 429 == 200
E    +  where 429 = &lt;Response [429]&gt;.status_code</error></testcase><testcase classname="tests.test_security.TestInvalidStatus" name="test_patch_invalid_status_returns_400" time="0.000"><error message="failed on setup with &quot;AssertionError: {&quot;detail&quot;:&quot;Trop de requêtes. Veuillez réessayer plus tard.&quot;}&#10;assert 429 == 200&#10; +  where 429 = &lt;Response [429]&gt;.status_code&quot;">backend/tests/test_security.py:25: in auth_headers
    assert r.status_code == 200, r.text
E   AssertionError: {"detail":"Trop de requêtes. Veuillez réessayer plus tard."}
E   assert 429 == 200
E    +  where 429 = &lt;Response [429]&gt;.status_code</error></testcase><testcase classname="tests.test_security.TestTrackRateLimit" name="test_track_rate_limit_15_per_minute" time="2.510" /><testcase classname="tests.test_security.TestReferenceHardening" name="test_demo_dossier_still_exists" time="0.146" /><testcase classname="tests.test_new_features.TestDemoDossierRetained" name="test_demo_dossier_present" time="0.112" /><testcase classname="tests.test_security.TestContactRateLimit" name="test_contact_rate_limit_5_per_5min" time="1.007" /><testcase classname="tests.test_zzz_brute" name="test_zzz_brute_force_lockout" time="2.449" /></testsuite></testsuites>