<?xml version="1.0" encoding="utf-8"?><testsuites name="pytest tests"><testsuite name="pytest" errors="0" failures="0" skipped="0" tests="11" time="2.898" timestamp="2026-06-30T17:32:13.267838+00:00" hostname="agent-env-598ae739-c764-4ede-afb4-3c6590073ea0"><testcase classname="tests.backend_test.TestAuth" name="test_login_success" time="0.530" /><testcase classname="tests.backend_test.TestContactCreate" name="test_create_contact_message" time="0.214" /><testcase classname="tests.backend_test.TestContactCreate" name="test_create_contact_missing_required" time="0.061" /><testcase classname="tests.backend_test.TestContactCreate" name="test_create_contact_bad_email" time="0.259" /><testcase classname="tests.backend_test.TestAuth" name="test_login_wrong_password" time="0.286" /><testcase classname="tests.backend_test.TestContactAdmin" name="test_messages_requires_auth" time="0.284" /><testcase classname="tests.backend_test.TestAuth" name="test_login_unknown_user" time="0.053" /><testcase classname="tests.backend_test.TestContactAdmin" name="test_stats_requires_auth" time="0.117" /><testcase classname="tests.backend_test.TestAuth" name="test_me_with_token" time="0.561" /><testcase classname="tests.backend_test.TestContactAdmin" name="test_create_then_list_then_mark_read_then_delete" time="1.059" /><testcase classname="tests.backend_test.TestAuth" name="test_me_without_token" time="0.178" /></testsuite></testsuites>